cl : Command line warning D9035: option 'Gm' has been deprecated and will be removed in a future release
  main.cpp
c:\users\amade\desktop\pg\wzr\wzr20_2i3\main.cpp(31): warning C4996: 'fopen': This function or variable may be unsafe. Consider using fopen_s instead. To disable deprecation, use _CRT_SECURE_NO_WARNINGS. See online help for details.
  c:\windows kits\10\include\10.0.17763.0\ucrt\stdio.h(208): note: see declaration of 'fopen'
c:\users\amade\desktop\pg\wzr\wzr20_2i3\main.cpp(111): warning C4244: 'argument': conversion from 'double' to 'float', possible loss of data
c:\users\amade\desktop\pg\wzr\wzr20_2i3\main.cpp(118): warning C4244: 'argument': conversion from 'double' to 'float', possible loss of data
c:\users\amade\desktop\pg\wzr\wzr20_2i3\main.cpp(119): warning C4244: 'argument': conversion from 'double' to 'float', possible loss of data
c:\users\amade\desktop\pg\wzr\wzr20_2i3\main.cpp(122): warning C4244: 'argument': conversion from 'double' to 'float', possible loss of data
c:\users\amade\desktop\pg\wzr\wzr20_2i3\main.cpp(122): warning C4305: 'argument': truncation from 'double' to 'float'
c:\users\amade\desktop\pg\wzr\wzr20_2i3\main.cpp(177): warning C4244: '=': conversion from 'double' to 'float', possible loss of data
c:\users\amade\desktop\pg\wzr\wzr20_2i3\main.cpp(179): warning C4996: 'sprintf': This function or variable may be unsafe. Consider using sprintf_s instead. To disable deprecation, use _CRT_SECURE_NO_WARNINGS. See online help for details.
  c:\windows kits\10\include\10.0.17763.0\ucrt\stdio.h(1774): note: see declaration of 'sprintf'
c:\users\amade\desktop\pg\wzr\wzr20_2i3\main.cpp(211): warning C4996: 'sprintf': This function or variable may be unsafe. Consider using sprintf_s instead. To disable deprecation, use _CRT_SECURE_NO_WARNINGS. See online help for details.
  c:\windows kits\10\include\10.0.17763.0\ucrt\stdio.h(1774): note: see declaration of 'sprintf'
c:\users\amade\desktop\pg\wzr\wzr20_2i3\main.cpp(534): warning C4305: '/=': truncation from 'double' to 'float'
c:\users\amade\desktop\pg\wzr\wzr20_2i3\main.cpp(541): warning C4305: '*=': truncation from 'double' to 'float'
c:\users\amade\desktop\pg\wzr\wzr20_2i3\main.cpp(567): warning C4305: '+=': truncation from 'double' to 'float'
c:\users\amade\desktop\pg\wzr\wzr20_2i3\main.cpp(572): warning C4305: '-=': truncation from 'double' to 'float'
c:\users\amade\desktop\pg\wzr\wzr20_2i3\main.cpp(593): warning C4305: '/=': truncation from 'double' to 'float'
c:\users\amade\desktop\pg\wzr\wzr20_2i3\main.cpp(601): warning C4305: '*=': truncation from 'double' to 'float'
c:\users\amade\desktop\pg\wzr\wzr20_2i3\main.cpp(612): warning C4996: 'strcpy': This function or variable may be unsafe. Consider using strcpy_s instead. To disable deprecation, use _CRT_SECURE_NO_WARNINGS. See online help for details.
  c:\windows kits\10\include\10.0.17763.0\ucrt\string.h(133): note: see declaration of 'strcpy'
c:\users\amade\desktop\pg\wzr\wzr20_2i3\main.cpp(613): warning C4996: 'strcat': This function or variable may be unsafe. Consider using strcat_s instead. To disable deprecation, use _CRT_SECURE_NO_WARNINGS. See online help for details.
  c:\windows kits\10\include\10.0.17763.0\ucrt\string.h(90): note: see declaration of 'strcat'
c:\users\amade\desktop\pg\wzr\wzr20_2i3\main.cpp(614): warning C4996: 'strcat': This function or variable may be unsafe. Consider using strcat_s instead. To disable deprecation, use _CRT_SECURE_NO_WARNINGS. See online help for details.
  c:\windows kits\10\include\10.0.17763.0\ucrt\string.h(90): note: see declaration of 'strcat'
c:\users\amade\desktop\pg\wzr\wzr20_2i3\main.cpp(618): warning C4996: 'strcpy': This function or variable may be unsafe. Consider using strcpy_s instead. To disable deprecation, use _CRT_SECURE_NO_WARNINGS. See online help for details.
  c:\windows kits\10\include\10.0.17763.0\ucrt\string.h(133): note: see declaration of 'strcpy'
c:\users\amade\desktop\pg\wzr\wzr20_2i3\main.cpp(619): warning C4996: 'strcat': This function or variable may be unsafe. Consider using strcat_s instead. To disable deprecation, use _CRT_SECURE_NO_WARNINGS. See online help for details.
  c:\windows kits\10\include\10.0.17763.0\ucrt\string.h(90): note: see declaration of 'strcat'
c:\users\amade\desktop\pg\wzr\wzr20_2i3\main.cpp(620): warning C4996: 'strcat': This function or variable may be unsafe. Consider using strcat_s instead. To disable deprecation, use _CRT_SECURE_NO_WARNINGS. See online help for details.
  c:\windows kits\10\include\10.0.17763.0\ucrt\string.h(90): note: see declaration of 'strcat'
c:\users\amade\desktop\pg\wzr\wzr20_2i3\main.cpp(626): warning C4996: 'strcat': This function or variable may be unsafe. Consider using strcat_s instead. To disable deprecation, use _CRT_SECURE_NO_WARNINGS. See online help for details.
  c:\windows kits\10\include\10.0.17763.0\ucrt\string.h(90): note: see declaration of 'strcat'
c:\users\amade\desktop\pg\wzr\wzr20_2i3\main.cpp(694): warning C4715: 'WndProc': not all control paths return a value
  wzr_vis.vcxproj -> C:\Users\amade\Desktop\PG\WZR\wzr20_2i3\Debug\wzr_vis.exe
