cl : Command line warning D9035: option 'Gm' has been deprecated and will be removed in a future release
  agents.cpp
c:\users\amade\desktop\pg\wzr\wzr\wzr20_4c4\objects.h(7): warning C4091: 'extern ': ignored on left of 'Terrain' when no variable is declared
c:\users\amade\desktop\pg\wzr\wzr\wzr20_4c4\agents.cpp(17): warning C4244: 'return': conversion from 'int' to 'float', possible loss of data
c:\users\amade\desktop\pg\wzr\wzr\wzr20_4c4\agents.cpp(54): warning C4305: 'initializing': truncation from 'double' to 'float'
c:\users\amade\desktop\pg\wzr\wzr\wzr20_4c4\agents.cpp(82): warning C4244: 'argument': conversion from 'int' to 'float', possible loss of data
c:\users\amade\desktop\pg\wzr\wzr\wzr20_4c4\agents.cpp(101): warning C4244: 'initializing': conversion from 'float' to 'int', possible loss of data
c:\users\amade\desktop\pg\wzr\wzr\wzr20_4c4\agents.cpp(121): warning C4244: '=': conversion from 'double' to 'float', possible loss of data
c:\users\amade\desktop\pg\wzr\wzr\wzr20_4c4\agents.cpp(124): warning C4244: '=': conversion from 'double' to 'float', possible loss of data
c:\users\amade\desktop\pg\wzr\wzr\wzr20_4c4\agents.cpp(127): warning C4244: '=': conversion from 'double' to 'float', possible loss of data
c:\users\amade\desktop\pg\wzr\wzr\wzr20_4c4\agents.cpp(139): warning C4305: '=': truncation from 'double' to 'float'
c:\users\amade\desktop\pg\wzr\wzr\wzr20_4c4\agents.cpp(143): warning C4305: '=': truncation from 'double' to 'float'
c:\users\amade\desktop\pg\wzr\wzr\wzr20_4c4\agents.cpp(155): warning C4305: '=': truncation from 'double' to 'float'
c:\users\amade\desktop\pg\wzr\wzr\wzr20_4c4\agents.cpp(179): warning C4244: '=': conversion from 'float' to 'long', possible loss of data
c:\users\amade\desktop\pg\wzr\wzr\wzr20_4c4\agents.cpp(225): warning C4305: 'initializing': truncation from 'double' to 'float'
c:\users\amade\desktop\pg\wzr\wzr\wzr20_4c4\agents.cpp(226): warning C4305: 'initializing': truncation from 'double' to 'float'
c:\users\amade\desktop\pg\wzr\wzr\wzr20_4c4\agents.cpp(229): warning C4305: 'initializing': truncation from 'double' to 'float'
c:\users\amade\desktop\pg\wzr\wzr\wzr20_4c4\agents.cpp(263): warning C4244: 'initializing': conversion from 'long' to 'float', possible loss of data
c:\users\amade\desktop\pg\wzr\wzr\wzr20_4c4\agents.cpp(264): warning C4244: 'initializing': conversion from 'double' to 'float', possible loss of data
c:\users\amade\desktop\pg\wzr\wzr\wzr20_4c4\agents.cpp(235): warning C4996: 'fopen': This function or variable may be unsafe. Consider using fopen_s instead. To disable deprecation, use _CRT_SECURE_NO_WARNINGS. See online help for details.
  c:\windows kits\10\include\10.0.17763.0\ucrt\stdio.h(208): note: see declaration of 'fopen'
c:\users\amade\desktop\pg\wzr\wzr\wzr20_4c4\agents.cpp(274): warning C4996: 'sprintf': This function or variable may be unsafe. Consider using sprintf_s instead. To disable deprecation, use _CRT_SECURE_NO_WARNINGS. See online help for details.
  c:\windows kits\10\include\10.0.17763.0\ucrt\stdio.h(1774): note: see declaration of 'sprintf'
c:\users\amade\desktop\pg\wzr\wzr\wzr20_4c4\agents.cpp(284): warning C4996: 'fopen': This function or variable may be unsafe. Consider using fopen_s instead. To disable deprecation, use _CRT_SECURE_NO_WARNINGS. See online help for details.
  c:\windows kits\10\include\10.0.17763.0\ucrt\stdio.h(208): note: see declaration of 'fopen'
agents.obj : warning LNK4075: ignoring '/EDITANDCONTINUE' due to '/SAFESEH' specification
  wzr_vis.vcxproj -> C:\Users\amade\Desktop\PG\WZR\WZR\wzr20_4c4\Debug\wzr_vis.exe
