cl : Command line warning D9035: option 'Gm' has been deprecated and will be removed in a future release
  main.cpp
c:\users\amade\desktop\pg\wzr\wzr20_3c\objects.h(6): warning C4091: 'extern ': ignored on left of 'Terrain' when no variable is declared
c:\users\amade\desktop\pg\wzr\wzr20_3c\main.cpp(27): warning C4996: 'fopen': This function or variable may be unsafe. Consider using fopen_s instead. To disable deprecation, use _CRT_SECURE_NO_WARNINGS. See online help for details.
  c:\windows kits\10\include\10.0.17763.0\ucrt\stdio.h(208): note: see declaration of 'fopen'
c:\users\amade\desktop\pg\wzr\wzr20_3c\main.cpp(107): warning C4018: '<': signed/unsigned mismatch
c:\users\amade\desktop\pg\wzr\wzr20_3c\main.cpp(191): warning C4244: '+=': conversion from 'float' to 'long', possible loss of data
c:\users\amade\desktop\pg\wzr\wzr20_3c\main.cpp(285): warning C4244: '=': conversion from 'double' to 'float', possible loss of data
c:\users\amade\desktop\pg\wzr\wzr20_3c\main.cpp(287): warning C4996: 'sprintf': This function or variable may be unsafe. Consider using sprintf_s instead. To disable deprecation, use _CRT_SECURE_NO_WARNINGS. See online help for details.
  c:\windows kits\10\include\10.0.17763.0\ucrt\stdio.h(1774): note: see declaration of 'sprintf'
c:\users\amade\desktop\pg\wzr\wzr20_3c\main.cpp(288): warning C4996: 'sprintf': This function or variable may be unsafe. Consider using sprintf_s instead. To disable deprecation, use _CRT_SECURE_NO_WARNINGS. See online help for details.
  c:\windows kits\10\include\10.0.17763.0\ucrt\stdio.h(1774): note: see declaration of 'sprintf'
c:\users\amade\desktop\pg\wzr\wzr20_3c\main.cpp(307): warning C4996: 'sprintf': This function or variable may be unsafe. Consider using sprintf_s instead. To disable deprecation, use _CRT_SECURE_NO_WARNINGS. See online help for details.
  c:\windows kits\10\include\10.0.17763.0\ucrt\stdio.h(1774): note: see declaration of 'sprintf'
c:\users\amade\desktop\pg\wzr\wzr20_3c\main.cpp(334): warning C4996: 'sprintf': This function or variable may be unsafe. Consider using sprintf_s instead. To disable deprecation, use _CRT_SECURE_NO_WARNINGS. See online help for details.
  c:\windows kits\10\include\10.0.17763.0\ucrt\stdio.h(1774): note: see declaration of 'sprintf'
c:\users\amade\desktop\pg\wzr\wzr20_3c\main.cpp(281): warning C4101: 'text': unreferenced local variable
c:\users\amade\desktop\pg\wzr\wzr20_3c\main.cpp(306): warning C4101: 'text': unreferenced local variable
c:\users\amade\desktop\pg\wzr\wzr20_3c\main.cpp(378): warning C4244: '=': conversion from 'long' to 'float', possible loss of data
c:\users\amade\desktop\pg\wzr\wzr20_3c\main.cpp(379): warning C4244: '-=': conversion from 'float' to 'long', possible loss of data
c:\users\amade\desktop\pg\wzr\wzr20_3c\main.cpp(380): warning C4996: 'sprintf': This function or variable may be unsafe. Consider using sprintf_s instead. To disable deprecation, use _CRT_SECURE_NO_WARNINGS. See online help for details.
  c:\windows kits\10\include\10.0.17763.0\ucrt\stdio.h(1774): note: see declaration of 'sprintf'
c:\users\amade\desktop\pg\wzr\wzr20_3c\main.cpp(387): warning C4996: 'sprintf': This function or variable may be unsafe. Consider using sprintf_s instead. To disable deprecation, use _CRT_SECURE_NO_WARNINGS. See online help for details.
  c:\windows kits\10\include\10.0.17763.0\ucrt\stdio.h(1774): note: see declaration of 'sprintf'
c:\users\amade\desktop\pg\wzr\wzr20_3c\main.cpp(628): warning C4244: '=': conversion from 'double' to 'float', possible loss of data
c:\users\amade\desktop\pg\wzr\wzr20_3c\main.cpp(637): warning C4305: '/=': truncation from 'double' to 'float'
c:\users\amade\desktop\pg\wzr\wzr20_3c\main.cpp(641): warning C4305: '*=': truncation from 'double' to 'float'
c:\users\amade\desktop\pg\wzr\wzr20_3c\main.cpp(734): warning C4305: '/=': truncation from 'double' to 'float'
c:\users\amade\desktop\pg\wzr\wzr20_3c\main.cpp(741): warning C4305: '*=': truncation from 'double' to 'float'
c:\users\amade\desktop\pg\wzr\wzr20_3c\main.cpp(749): warning C4566: character represented by universal-character-name '\u0142' cannot be represented in the current code page (1252)
c:\users\amade\desktop\pg\wzr\wzr20_3c\main.cpp(749): warning C4566: character represented by universal-character-name '\u0105' cannot be represented in the current code page (1252)
c:\users\amade\desktop\pg\wzr\wzr20_3c\main.cpp(751): warning C4566: character represented by universal-character-name '\u0142' cannot be represented in the current code page (1252)
c:\users\amade\desktop\pg\wzr\wzr20_3c\main.cpp(751): warning C4566: character represented by universal-character-name '\u0105' cannot be represented in the current code page (1252)
c:\users\amade\desktop\pg\wzr\wzr20_3c\main.cpp(756): warning C4305: '+=': truncation from 'double' to 'float'
c:\users\amade\desktop\pg\wzr\wzr20_3c\main.cpp(761): warning C4305: '-=': truncation from 'double' to 'float'
c:\users\amade\desktop\pg\wzr\wzr20_3c\main.cpp(771): warning C4305: '/=': truncation from 'double' to 'float'
c:\users\amade\desktop\pg\wzr\wzr20_3c\main.cpp(779): warning C4305: '*=': truncation from 'double' to 'float'
c:\users\amade\desktop\pg\wzr\wzr20_3c\main.cpp(584): warning C4996: 'sprintf': This function or variable may be unsafe. Consider using sprintf_s instead. To disable deprecation, use _CRT_SECURE_NO_WARNINGS. See online help for details.
  c:\windows kits\10\include\10.0.17763.0\ucrt\stdio.h(1774): note: see declaration of 'sprintf'
c:\users\amade\desktop\pg\wzr\wzr20_3c\main.cpp(1015): warning C4566: character represented by universal-character-name '\u017A' cannot be represented in the current code page (1252)
c:\users\amade\desktop\pg\wzr\wzr20_3c\main.cpp(1015): warning C4566: character represented by universal-character-name '\u0142' cannot be represented in the current code page (1252)
c:\users\amade\desktop\pg\wzr\wzr20_3c\main.cpp(1015): warning C4566: character represented by universal-character-name '\u0105' cannot be represented in the current code page (1252)
c:\users\amade\desktop\pg\wzr\wzr20_3c\main.cpp(1015): warning C4566: character represented by universal-character-name '\u015B' cannot be represented in the current code page (1252)
c:\users\amade\desktop\pg\wzr\wzr20_3c\main.cpp(1015): warning C4566: character represented by universal-character-name '\u0107' cannot be represented in the current code page (1252)
c:\users\amade\desktop\pg\wzr\wzr20_3c\main.cpp(1015): warning C4566: character represented by universal-character-name '\u0119' cannot be represented in the current code page (1252)
c:\users\amade\desktop\pg\wzr\wzr20_3c\main.cpp(945): warning C4996: 'strcpy': This function or variable may be unsafe. Consider using strcpy_s instead. To disable deprecation, use _CRT_SECURE_NO_WARNINGS. See online help for details.
  c:\windows kits\10\include\10.0.17763.0\ucrt\string.h(133): note: see declaration of 'strcpy'
c:\users\amade\desktop\pg\wzr\wzr20_3c\main.cpp(946): warning C4996: 'strcat': This function or variable may be unsafe. Consider using strcat_s instead. To disable deprecation, use _CRT_SECURE_NO_WARNINGS. See online help for details.
  c:\windows kits\10\include\10.0.17763.0\ucrt\string.h(90): note: see declaration of 'strcat'
c:\users\amade\desktop\pg\wzr\wzr20_3c\main.cpp(947): warning C4996: 'strcat': This function or variable may be unsafe. Consider using strcat_s instead. To disable deprecation, use _CRT_SECURE_NO_WARNINGS. See online help for details.
  c:\windows kits\10\include\10.0.17763.0\ucrt\string.h(90): note: see declaration of 'strcat'
c:\users\amade\desktop\pg\wzr\wzr20_3c\main.cpp(951): warning C4996: 'strcpy': This function or variable may be unsafe. Consider using strcpy_s instead. To disable deprecation, use _CRT_SECURE_NO_WARNINGS. See online help for details.
  c:\windows kits\10\include\10.0.17763.0\ucrt\string.h(133): note: see declaration of 'strcpy'
c:\users\amade\desktop\pg\wzr\wzr20_3c\main.cpp(952): warning C4996: 'strcat': This function or variable may be unsafe. Consider using strcat_s instead. To disable deprecation, use _CRT_SECURE_NO_WARNINGS. See online help for details.
  c:\windows kits\10\include\10.0.17763.0\ucrt\string.h(90): note: see declaration of 'strcat'
c:\users\amade\desktop\pg\wzr\wzr20_3c\main.cpp(953): warning C4996: 'strcat': This function or variable may be unsafe. Consider using strcat_s instead. To disable deprecation, use _CRT_SECURE_NO_WARNINGS. See online help for details.
  c:\windows kits\10\include\10.0.17763.0\ucrt\string.h(90): note: see declaration of 'strcat'
c:\users\amade\desktop\pg\wzr\wzr20_3c\main.cpp(959): warning C4996: 'strcat': This function or variable may be unsafe. Consider using strcat_s instead. To disable deprecation, use _CRT_SECURE_NO_WARNINGS. See online help for details.
  c:\windows kits\10\include\10.0.17763.0\ucrt\string.h(90): note: see declaration of 'strcat'
  wzr_vis.vcxproj -> C:\Users\amade\Desktop\PG\WZR\wzr20_3c\Debug\wzr_vis.exe
