cl : Command line warning D9035: option 'Gm' has been deprecated and will be removed in a future release
  main.cpp
c:\users\amade\desktop\pg\wzr\wzr20_3c2\objects.h(6): warning C4091: 'extern ': ignored on left of 'Terrain' when no variable is declared
c:\users\amade\desktop\pg\wzr\wzr20_3c2\main.cpp(29): warning C4996: 'fopen': This function or variable may be unsafe. Consider using fopen_s instead. To disable deprecation, use _CRT_SECURE_NO_WARNINGS. See online help for details.
  c:\windows kits\10\include\10.0.17763.0\ucrt\stdio.h(208): note: see declaration of 'fopen'
c:\users\amade\desktop\pg\wzr\wzr20_3c2\main.cpp(132): warning C4018: '<': signed/unsigned mismatch
c:\users\amade\desktop\pg\wzr\wzr20_3c2\main.cpp(221): warning C4244: '+=': conversion from 'float' to 'long', possible loss of data
c:\users\amade\desktop\pg\wzr\wzr20_3c2\main.cpp(373): warning C4996: 'sprintf': This function or variable may be unsafe. Consider using sprintf_s instead. To disable deprecation, use _CRT_SECURE_NO_WARNINGS. See online help for details.
  c:\windows kits\10\include\10.0.17763.0\ucrt\stdio.h(1774): note: see declaration of 'sprintf'
c:\users\amade\desktop\pg\wzr\wzr20_3c2\main.cpp(501): warning C4244: '=': conversion from 'double' to 'float', possible loss of data
c:\users\amade\desktop\pg\wzr\wzr20_3c2\main.cpp(491): warning C4996: 'sprintf': This function or variable may be unsafe. Consider using sprintf_s instead. To disable deprecation, use _CRT_SECURE_NO_WARNINGS. See online help for details.
  c:\windows kits\10\include\10.0.17763.0\ucrt\stdio.h(1774): note: see declaration of 'sprintf'
c:\users\amade\desktop\pg\wzr\wzr20_3c2\main.cpp(503): warning C4996: 'sprintf': This function or variable may be unsafe. Consider using sprintf_s instead. To disable deprecation, use _CRT_SECURE_NO_WARNINGS. See online help for details.
  c:\windows kits\10\include\10.0.17763.0\ucrt\stdio.h(1774): note: see declaration of 'sprintf'
c:\users\amade\desktop\pg\wzr\wzr20_3c2\main.cpp(504): warning C4996: 'sprintf': This function or variable may be unsafe. Consider using sprintf_s instead. To disable deprecation, use _CRT_SECURE_NO_WARNINGS. See online help for details.
  c:\windows kits\10\include\10.0.17763.0\ucrt\stdio.h(1774): note: see declaration of 'sprintf'
c:\users\amade\desktop\pg\wzr\wzr20_3c2\main.cpp(524): warning C4996: 'sprintf': This function or variable may be unsafe. Consider using sprintf_s instead. To disable deprecation, use _CRT_SECURE_NO_WARNINGS. See online help for details.
  c:\windows kits\10\include\10.0.17763.0\ucrt\stdio.h(1774): note: see declaration of 'sprintf'
c:\users\amade\desktop\pg\wzr\wzr20_3c2\main.cpp(552): warning C4996: 'sprintf': This function or variable may be unsafe. Consider using sprintf_s instead. To disable deprecation, use _CRT_SECURE_NO_WARNINGS. See online help for details.
  c:\windows kits\10\include\10.0.17763.0\ucrt\stdio.h(1774): note: see declaration of 'sprintf'
c:\users\amade\desktop\pg\wzr\wzr20_3c2\main.cpp(497): warning C4101: 'text': unreferenced local variable
c:\users\amade\desktop\pg\wzr\wzr20_3c2\main.cpp(523): warning C4101: 'text': unreferenced local variable
c:\users\amade\desktop\pg\wzr\wzr20_3c2\main.cpp(596): warning C4244: '=': conversion from 'long' to 'float', possible loss of data
c:\users\amade\desktop\pg\wzr\wzr20_3c2\main.cpp(597): warning C4244: '-=': conversion from 'float' to 'long', possible loss of data
c:\users\amade\desktop\pg\wzr\wzr20_3c2\main.cpp(598): warning C4996: 'sprintf': This function or variable may be unsafe. Consider using sprintf_s instead. To disable deprecation, use _CRT_SECURE_NO_WARNINGS. See online help for details.
  c:\windows kits\10\include\10.0.17763.0\ucrt\stdio.h(1774): note: see declaration of 'sprintf'
c:\users\amade\desktop\pg\wzr\wzr20_3c2\main.cpp(605): warning C4996: 'sprintf': This function or variable may be unsafe. Consider using sprintf_s instead. To disable deprecation, use _CRT_SECURE_NO_WARNINGS. See online help for details.
  c:\windows kits\10\include\10.0.17763.0\ucrt\stdio.h(1774): note: see declaration of 'sprintf'
c:\users\amade\desktop\pg\wzr\wzr20_3c2\main.cpp(846): warning C4244: '=': conversion from 'double' to 'float', possible loss of data
c:\users\amade\desktop\pg\wzr\wzr20_3c2\main.cpp(855): warning C4305: '/=': truncation from 'double' to 'float'
c:\users\amade\desktop\pg\wzr\wzr20_3c2\main.cpp(859): warning C4305: '*=': truncation from 'double' to 'float'
c:\users\amade\desktop\pg\wzr\wzr20_3c2\main.cpp(952): warning C4305: '/=': truncation from 'double' to 'float'
c:\users\amade\desktop\pg\wzr\wzr20_3c2\main.cpp(959): warning C4305: '*=': truncation from 'double' to 'float'
c:\users\amade\desktop\pg\wzr\wzr20_3c2\main.cpp(967): warning C4566: character represented by universal-character-name '\u0142' cannot be represented in the current code page (1252)
c:\users\amade\desktop\pg\wzr\wzr20_3c2\main.cpp(967): warning C4566: character represented by universal-character-name '\u0105' cannot be represented in the current code page (1252)
c:\users\amade\desktop\pg\wzr\wzr20_3c2\main.cpp(969): warning C4566: character represented by universal-character-name '\u0142' cannot be represented in the current code page (1252)
c:\users\amade\desktop\pg\wzr\wzr20_3c2\main.cpp(969): warning C4566: character represented by universal-character-name '\u0105' cannot be represented in the current code page (1252)
c:\users\amade\desktop\pg\wzr\wzr20_3c2\main.cpp(974): warning C4305: '+=': truncation from 'double' to 'float'
c:\users\amade\desktop\pg\wzr\wzr20_3c2\main.cpp(979): warning C4305: '-=': truncation from 'double' to 'float'
c:\users\amade\desktop\pg\wzr\wzr20_3c2\main.cpp(989): warning C4305: '/=': truncation from 'double' to 'float'
c:\users\amade\desktop\pg\wzr\wzr20_3c2\main.cpp(997): warning C4305: '*=': truncation from 'double' to 'float'
c:\users\amade\desktop\pg\wzr\wzr20_3c2\main.cpp(802): warning C4996: 'sprintf': This function or variable may be unsafe. Consider using sprintf_s instead. To disable deprecation, use _CRT_SECURE_NO_WARNINGS. See online help for details.
  c:\windows kits\10\include\10.0.17763.0\ucrt\stdio.h(1774): note: see declaration of 'sprintf'
c:\users\amade\desktop\pg\wzr\wzr20_3c2\main.cpp(1338): warning C4566: character represented by universal-character-name '\u017A' cannot be represented in the current code page (1252)
c:\users\amade\desktop\pg\wzr\wzr20_3c2\main.cpp(1338): warning C4566: character represented by universal-character-name '\u0142' cannot be represented in the current code page (1252)
c:\users\amade\desktop\pg\wzr\wzr20_3c2\main.cpp(1338): warning C4566: character represented by universal-character-name '\u0105' cannot be represented in the current code page (1252)
c:\users\amade\desktop\pg\wzr\wzr20_3c2\main.cpp(1338): warning C4566: character represented by universal-character-name '\u015B' cannot be represented in the current code page (1252)
c:\users\amade\desktop\pg\wzr\wzr20_3c2\main.cpp(1338): warning C4566: character represented by universal-character-name '\u0107' cannot be represented in the current code page (1252)
c:\users\amade\desktop\pg\wzr\wzr20_3c2\main.cpp(1338): warning C4566: character represented by universal-character-name '\u0119' cannot be represented in the current code page (1252)
c:\users\amade\desktop\pg\wzr\wzr20_3c2\main.cpp(1268): warning C4996: 'strcpy': This function or variable may be unsafe. Consider using strcpy_s instead. To disable deprecation, use _CRT_SECURE_NO_WARNINGS. See online help for details.
  c:\windows kits\10\include\10.0.17763.0\ucrt\string.h(133): note: see declaration of 'strcpy'
c:\users\amade\desktop\pg\wzr\wzr20_3c2\main.cpp(1269): warning C4996: 'strcat': This function or variable may be unsafe. Consider using strcat_s instead. To disable deprecation, use _CRT_SECURE_NO_WARNINGS. See online help for details.
  c:\windows kits\10\include\10.0.17763.0\ucrt\string.h(90): note: see declaration of 'strcat'
c:\users\amade\desktop\pg\wzr\wzr20_3c2\main.cpp(1270): warning C4996: 'strcat': This function or variable may be unsafe. Consider using strcat_s instead. To disable deprecation, use _CRT_SECURE_NO_WARNINGS. See online help for details.
  c:\windows kits\10\include\10.0.17763.0\ucrt\string.h(90): note: see declaration of 'strcat'
c:\users\amade\desktop\pg\wzr\wzr20_3c2\main.cpp(1274): warning C4996: 'strcpy': This function or variable may be unsafe. Consider using strcpy_s instead. To disable deprecation, use _CRT_SECURE_NO_WARNINGS. See online help for details.
  c:\windows kits\10\include\10.0.17763.0\ucrt\string.h(133): note: see declaration of 'strcpy'
c:\users\amade\desktop\pg\wzr\wzr20_3c2\main.cpp(1275): warning C4996: 'strcat': This function or variable may be unsafe. Consider using strcat_s instead. To disable deprecation, use _CRT_SECURE_NO_WARNINGS. See online help for details.
  c:\windows kits\10\include\10.0.17763.0\ucrt\string.h(90): note: see declaration of 'strcat'
c:\users\amade\desktop\pg\wzr\wzr20_3c2\main.cpp(1276): warning C4996: 'strcat': This function or variable may be unsafe. Consider using strcat_s instead. To disable deprecation, use _CRT_SECURE_NO_WARNINGS. See online help for details.
  c:\windows kits\10\include\10.0.17763.0\ucrt\string.h(90): note: see declaration of 'strcat'
c:\users\amade\desktop\pg\wzr\wzr20_3c2\main.cpp(1282): warning C4996: 'strcat': This function or variable may be unsafe. Consider using strcat_s instead. To disable deprecation, use _CRT_SECURE_NO_WARNINGS. See online help for details.
  c:\windows kits\10\include\10.0.17763.0\ucrt\string.h(90): note: see declaration of 'strcat'
  wzr_vis.vcxproj -> C:\Users\amade\Desktop\PG\WZR\wzr20_3c2\Debug\wzr_vis.exe
