c:\users\amade\desktop\pg\wzr\wzr20_3c\debug\vc141.pdb
c:\users\amade\desktop\pg\wzr\wzr20_3c\debug\vc141.idb
c:\users\amade\desktop\pg\wzr\wzr20_3c\debug\graphics.obj
c:\users\amade\desktop\pg\wzr\wzr20_3c\debug\main.obj
c:\users\amade\desktop\pg\wzr\wzr20_3c\debug\net.obj
c:\users\amade\desktop\pg\wzr\wzr20_3c\debug\objects.obj
c:\users\amade\desktop\pg\wzr\wzr20_3c\debug\quaternion.obj
c:\users\amade\desktop\pg\wzr\wzr20_3c\debug\vector3d.obj
c:\users\amade\desktop\pg\wzr\wzr20_3c2\debug\vc141.pdb
c:\users\amade\desktop\pg\wzr\wzr20_3c2\debug\vc141.idb
c:\users\amade\desktop\pg\wzr\wzr20_3c2\debug\graphics.obj
c:\users\amade\desktop\pg\wzr\wzr20_3c2\debug\main.obj
c:\users\amade\desktop\pg\wzr\wzr20_3c2\debug\net.obj
c:\users\amade\desktop\pg\wzr\wzr20_3c2\debug\objects.obj
c:\users\amade\desktop\pg\wzr\wzr20_3c2\debug\quaternion.obj
c:\users\amade\desktop\pg\wzr\wzr20_3c2\debug\vector3d.obj
c:\users\amade\desktop\pg\wzr\wzr20_3c\debug\wzr_vis.exe
c:\users\amade\desktop\pg\wzr\wzr20_3c\debug\wzr_vis.ilk
c:\users\amade\desktop\pg\wzr\wzr20_3c\debug\gk-opengl.pdb
c:\users\amade\desktop\pg\wzr\wzr20_3c2\debug\wzr_vis.exe
c:\users\amade\desktop\pg\wzr\wzr20_3c2\debug\wzr_vis.ilk
c:\users\amade\desktop\pg\wzr\wzr20_3c2\debug\gk-opengl.pdb
c:\users\amade\desktop\pg\wzr\wzr20_3c2\debug\wzr_vis.tlog\cl.command.1.tlog
c:\users\amade\desktop\pg\wzr\wzr20_3c2\debug\wzr_vis.tlog\cl.read.1.tlog
c:\users\amade\desktop\pg\wzr\wzr20_3c2\debug\wzr_vis.tlog\cl.write.1.tlog
c:\users\amade\desktop\pg\wzr\wzr20_3c2\debug\wzr_vis.tlog\link.command.1.tlog
c:\users\amade\desktop\pg\wzr\wzr20_3c2\debug\wzr_vis.tlog\link.read.1.tlog
c:\users\amade\desktop\pg\wzr\wzr20_3c2\debug\wzr_vis.tlog\link.write.1.tlog
