cl : Command line warning D9035: option 'Gm' has been deprecated and will be removed in a future release
  glowny.cpp
c:\users\amade\desktop\pg\wzr\wzr20_1c\glowny.cpp(20): warning C4996: 'fopen': This function or variable may be unsafe. Consider using fopen_s instead. To disable deprecation, use _CRT_SECURE_NO_WARNINGS. See online help for details.
  c:\windows kits\10\include\10.0.17763.0\ucrt\stdio.h(208): note: see declaration of 'fopen'
c:\users\amade\desktop\pg\wzr\wzr20_1c\glowny.cpp(88): warning C4018: '<': signed/unsigned mismatch
c:\users\amade\desktop\pg\wzr\wzr20_1c\glowny.cpp(102): warning C4018: '<': signed/unsigned mismatch
c:\users\amade\desktop\pg\wzr\wzr20_1c\glowny.cpp(136): warning C4305: 'argument': truncation from 'int' to 'unsigned short'
c:\users\amade\desktop\pg\wzr\wzr20_1c\glowny.cpp(136): warning C4309: 'argument': truncation of constant value
c:\users\amade\desktop\pg\wzr\wzr20_1c\glowny.cpp(137): warning C4305: 'argument': truncation from 'int' to 'unsigned short'
c:\users\amade\desktop\pg\wzr\wzr20_1c\glowny.cpp(137): warning C4309: 'argument': truncation of constant value
c:\users\amade\desktop\pg\wzr\wzr20_1c\glowny.cpp(165): warning C4244: '=': conversion from 'double' to 'float', possible loss of data
c:\users\amade\desktop\pg\wzr\wzr20_1c\glowny.cpp(167): warning C4996: 'sprintf': This function or variable may be unsafe. Consider using sprintf_s instead. To disable deprecation, use _CRT_SECURE_NO_WARNINGS. See online help for details.
  c:\windows kits\10\include\10.0.17763.0\ucrt\stdio.h(1774): note: see declaration of 'sprintf'
c:\users\amade\desktop\pg\wzr\wzr20_1c\glowny.cpp(368): warning C4244: '=': conversion from 'double' to 'float', possible loss of data
c:\users\amade\desktop\pg\wzr\wzr20_1c\glowny.cpp(419): warning C4305: '/=': truncation from 'double' to 'float'
c:\users\amade\desktop\pg\wzr\wzr20_1c\glowny.cpp(426): warning C4305: '*=': truncation from 'double' to 'float'
c:\users\amade\desktop\pg\wzr\wzr20_1c\glowny.cpp(452): warning C4305: '+=': truncation from 'double' to 'float'
c:\users\amade\desktop\pg\wzr\wzr20_1c\glowny.cpp(457): warning C4305: '-=': truncation from 'double' to 'float'
c:\users\amade\desktop\pg\wzr\wzr20_1c\glowny.cpp(603): warning C4996: 'strcpy': This function or variable may be unsafe. Consider using strcpy_s instead. To disable deprecation, use _CRT_SECURE_NO_WARNINGS. See online help for details.
  c:\windows kits\10\include\10.0.17763.0\ucrt\string.h(133): note: see declaration of 'strcpy'
c:\users\amade\desktop\pg\wzr\wzr20_1c\glowny.cpp(604): warning C4996: 'strcat': This function or variable may be unsafe. Consider using strcat_s instead. To disable deprecation, use _CRT_SECURE_NO_WARNINGS. See online help for details.
  c:\windows kits\10\include\10.0.17763.0\ucrt\string.h(90): note: see declaration of 'strcat'
c:\users\amade\desktop\pg\wzr\wzr20_1c\glowny.cpp(605): warning C4996: 'strcat': This function or variable may be unsafe. Consider using strcat_s instead. To disable deprecation, use _CRT_SECURE_NO_WARNINGS. See online help for details.
  c:\windows kits\10\include\10.0.17763.0\ucrt\string.h(90): note: see declaration of 'strcat'
c:\users\amade\desktop\pg\wzr\wzr20_1c\glowny.cpp(609): warning C4996: 'strcpy': This function or variable may be unsafe. Consider using strcpy_s instead. To disable deprecation, use _CRT_SECURE_NO_WARNINGS. See online help for details.
  c:\windows kits\10\include\10.0.17763.0\ucrt\string.h(133): note: see declaration of 'strcpy'
c:\users\amade\desktop\pg\wzr\wzr20_1c\glowny.cpp(610): warning C4996: 'strcat': This function or variable may be unsafe. Consider using strcat_s instead. To disable deprecation, use _CRT_SECURE_NO_WARNINGS. See online help for details.
  c:\windows kits\10\include\10.0.17763.0\ucrt\string.h(90): note: see declaration of 'strcat'
c:\users\amade\desktop\pg\wzr\wzr20_1c\glowny.cpp(611): warning C4996: 'strcat': This function or variable may be unsafe. Consider using strcat_s instead. To disable deprecation, use _CRT_SECURE_NO_WARNINGS. See online help for details.
  c:\windows kits\10\include\10.0.17763.0\ucrt\string.h(90): note: see declaration of 'strcat'
c:\users\amade\desktop\pg\wzr\wzr20_1c\glowny.cpp(617): warning C4996: 'strcat': This function or variable may be unsafe. Consider using strcat_s instead. To disable deprecation, use _CRT_SECURE_NO_WARNINGS. See online help for details.
  c:\windows kits\10\include\10.0.17763.0\ucrt\string.h(90): note: see declaration of 'strcat'
c:\users\amade\desktop\pg\wzr\wzr20_1c\glowny.cpp(682): warning C4715: 'WndProc': not all control paths return a value
  wzr_vis.vcxproj -> C:\Users\amade\Desktop\PG\WZR\wzr20_1c\Debug\wzr_vis.exe
